#
# A fatal error has been detected by the Java Runtime Environment:
#
#  EXCEPTION_ACCESS_VIOLATION (0xc0000005) at pc=0x00000000093ac973, pid=3956, tid=0x00000000000026ac
#
# JRE version: OpenJDK Runtime Environment (8.0_242-b01) (build 1.8.0_242-release-1644-b01)
# Java VM: OpenJDK 64-Bit Server VM (25.242-b01 mixed mode windows-amd64 compressed oops)
# Problematic frame:
# J 19173 C2 com.android.tools.r8.dex.n$d.a(Lcom/android/tools/r8/graph/b0;)Lcom/android/tools/r8/graph/Y; (102 bytes) @ 0x00000000093ac973 [0x00000000093ac8a0+0xd3]
#
# Failed to write core dump. Minidumps are not enabled by default on client versions of Windows
#
# If you would like to submit a bug report, please visit:
#   
#

---------------  T H R E A D  ---------------

Current thread (0x000000006e2d6000):  JavaThread "ForkJoinPool-2-worker-0" daemon [_thread_in_Java, id=9900, stack(0x00000000736d0000,0x00000000737d0000)]

siginfo: ExceptionCode=0xc0000005, reading address 0x000000005597ece8

Registers:
RAX=0x00000000d72ae918, RBX=0x0000000073f7d660, RCX=0x0000000000000000, RDX=0x00000000d72ae918
RSP=0x00000000737ce820, RBP=0x00000000d72ae918, RSI=0x00000000e89330a8, RDI=0x000000001bf23ec8
R8 =0x000000001befddc0, R9 =0x000000000000000f, R10=0x000000005597ece0, R11=0x00000000d597f250
R12=0x0000000000000000, R13=0x0000000073fe48e8, R14=0x00000000d72b0a70, R15=0x000000006e2d6000
RIP=0x00000000093ac973, EFLAGS=0x0000000000010246

Top of Stack: (sp=0x00000000737ce820)
0x00000000737ce820:   000000005597ece0 00000000d72b0a80
0x00000000737ce830:   00002001d72b0a80 000000000b097d1c
0x00000000737ce840:   00000000ffffffff 0000000000000000
0x00000000737ce850:   00000000737ceb20 000000000b097b44
0x00000000737ce860:   0000000000000000 00000000d72b0910
0x00000000737ce870:   00000000003d1860 0000000000000001
0x00000000737ce880:   00000000d72a5760 000000000b0e6a1c
0x00000000737ce890:   000000000000000f 00000000e97175d8
0x00000000737ce8a0:   00000000d72a57d0 000000000b0e6954
0x00000000737ce8b0:   00000000d72a9e30 00000000d72a9e48
0x00000000737ce8c0:   0000000000000000 003e00e800000000
0x00000000737ce8d0:   00000000d597e410 00000000d72a9e60
0x00000000737ce8e0:   003e01600000000e 00000000d72a9ea0
0x00000000737ce8f0:   00000000d72a9ef0 00000000d72a9e60
0x00000000737ce900:   00000000d72a9f40 0000000e003d60f4
0x00000000737ce910:   00000000d72aa1c0 00000000d597fc70 

Instructions: (pc=0x00000000093ac973)
0x00000000093ac953:   8b 5c 82 10 45 8b 53 0c 45 8b 42 08 4d 8b da 41
0x00000000093ac963:   81 f8 c0 dd ef 1b 0f 85 c5 00 00 00 4c 8b 14 24
0x00000000093ac973:   45 8b 52 08 41 81 fa c0 dd ef 1b 0f 85 f5 00 00
0x00000000093ac983:   00 4c 8b 04 24 49 8b d3 e8 f0 0b e7 fe 44 8b 45 


Register to memory mapping:

RAX=0x00000000d72ae918 is an oop
com.android.tools.r8.dex.n$d 
 - klass: 'com/android/tools/r8/dex/n$d'
RBX={method} {0x0000000073f7d668} 'get' '()Ljava/lang/Object;' in 'com/android/tools/r8/dex/n$$Lambda$1832'
RCX=0x0000000000000000 is an unknown value
RDX=0x00000000d72ae918 is an oop
com.android.tools.r8.dex.n$d 
 - klass: 'com/android/tools/r8/dex/n$d'
RSP=0x00000000737ce820 is pointing into the stack for thread: 0x000000006e2d6000
RBP=0x00000000d72ae918 is an oop
com.android.tools.r8.dex.n$d 
 - klass: 'com/android/tools/r8/dex/n$d'
RSI=0x00000000e89330a8 is an oop
com.android.tools.r8.graph.x 
 - klass: 'com/android/tools/r8/graph/x'
RDI=0x000000001bf23ec8 is pointing into metadata
R8 =0x000000001befddc0 is pointing into metadata
R9 =0x000000000000000f is an unknown value
R10=0x000000005597ece0 is an unknown value
R11=0x00000000d597f250 is an oop
com.android.tools.r8.graph.d0 
 - klass: 'com/android/tools/r8/graph/d0'
R12=0x0000000000000000 is an unknown value
R13=0x0000000073fe48e8 is pointing into metadata
R14=0x00000000d72b0a70 is an unknown value
R15=0x000000006e2d6000 is a thread


Stack: [0x00000000736d0000,0x00000000737d0000],  sp=0x00000000737ce820,  free space=1018k
Native frames: (J=compiled Java code, j=interpreted, Vv=VM code, C=native code)
C  0x00000000093ac973


---------------  P R O C E S S  ---------------

Java Threads: ( => current thread )
=>0x000000006e2d6000 JavaThread "ForkJoinPool-2-worker-0" daemon [_thread_in_Java, id=9900, stack(0x00000000736d0000,0x00000000737d0000)]
  0x000000006e2d5000 JavaThread "ForkJoinPool-2-worker-2" daemon [_thread_blocked, id=3664, stack(0x0000000075270000,0x0000000075370000)]
  0x000000006e2d4800 JavaThread "ForkJoinPool-2-worker-3" daemon [_thread_blocked, id=9420, stack(0x00000000750c0000,0x00000000751c0000)]
  0x000000006e2d0000 JavaThread "ForkJoinPool-2-worker-1" daemon [_thread_blocked, id=2720, stack(0x0000000072c20000,0x0000000072d20000)]
  0x000000006e2d0800 JavaThread "WorkerExecutor Queue Thread 5" [_thread_blocked, id=8388, stack(0x00000000706c0000,0x00000000707c0000)]
  0x000000006e2cf000 JavaThread "WorkerExecutor Queue Thread 3" [_thread_blocked, id=10032, stack(0x0000000072750000,0x0000000072850000)]
  0x000000006bbb1000 JavaThread "WorkerExecutor Queue Thread 2" [_thread_blocked, id=10148, stack(0x0000000072590000,0x0000000072690000)]
  0x0000000060035800 JavaThread "WorkerExecutor Queue" [_thread_blocked, id=4492, stack(0x00000000719e0000,0x0000000071ae0000)]
  0x000000006bbad000 JavaThread "Cache worker for Java compile cache (F:\AndroidLessons\json\.gradle\6.5\javaCompile)" [_thread_blocked, id=9528, stack(0x0000000071c70000,0x0000000071d70000)]
  0x0000000006837800 JavaThread "Cache worker for execution history cache (F:\AndroidLessons\json\.gradle\6.5\executionHistory)" [_thread_blocked, id=9768, stack(0x0000000071b70000,0x0000000071c70000)]
  0x0000000006835800 JavaThread "Execution worker for ':' Thread 3" [_thread_blocked, id=9932, stack(0x00000000718e0000,0x00000000719e0000)]
  0x0000000006834000 JavaThread "Execution worker for ':' Thread 2" [_thread_blocked, id=6432, stack(0x00000000716f0000,0x00000000717f0000)]
  0x0000000006834800 JavaThread "Execution worker for ':'" [_thread_blocked, id=9588, stack(0x0000000062e50000,0x0000000062f50000)]
  0x0000000006833000 JavaThread "Cache worker for file content cache (F:\AndroidLessons\json\.gradle\6.5\fileContent)" [_thread_blocked, id=8392, stack(0x0000000069510000,0x0000000069610000)]
  0x0000000006832800 JavaThread "Cache worker for Build Output Cleanup Cache (F:\AndroidLessons\json\.gradle\buildOutputCleanup)" [_thread_blocked, id=10064, stack(0x00000000715f0000,0x00000000716f0000)]
  0x0000000006836000 JavaThread "Build operations Thread 4" [_thread_blocked, id=8968, stack(0x00000000705c0000,0x00000000706c0000)]
  0x0000000006837000 JavaThread "Build operations Thread 3" [_thread_blocked, id=7096, stack(0x0000000070420000,0x0000000070520000)]
  0x000000005c25e800 JavaThread "Build operations Thread 2" [_thread_blocked, id=8960, stack(0x0000000060e90000,0x0000000060f90000)]
  0x000000005c267000 JavaThread "Build operations" [_thread_blocked, id=2668, stack(0x00000000625f0000,0x00000000626f0000)]
  0x000000005c25d000 JavaThread "Cache worker for cache directory md-rule (C:\Users\ZHB\.gradle\caches\6.5\md-rule)" [_thread_blocked, id=8496, stack(0x00000000629c0000,0x0000000062ac0000)]
  0x000000005c262800 JavaThread "Cache worker for cache directory md-supplier (C:\Users\ZHB\.gradle\caches\6.5\md-supplier)" [_thread_blocked, id=7908, stack(0x0000000062820000,0x0000000062920000)]
  0x000000005c25e000 JavaThread "Cache worker for checksums cache (F:\AndroidLessons\json\.gradle\checksums)" [_thread_blocked, id=10132, stack(0x00000000624b0000,0x00000000625b0000)]
  0x000000005c266000 JavaThread "Cache worker for file hash cache (F:\AndroidLessons\json\.gradle\6.5\fileHashes)" [_thread_blocked, id=6880, stack(0x0000000061760000,0x0000000061860000)]
  0x000000005c267800 JavaThread "Thread-623" [_thread_blocked, id=9168, stack(0x0000000006430000,0x0000000006530000)]
  0x000000005c26a000 JavaThread "Stdin handler" [_thread_blocked, id=9000, stack(0x00000000609f0000,0x0000000060af0000)]
  0x000000005c268800 JavaThread "Asynchronous log dispatcher for DefaultDaemonConnection: socket connection from /127.0.0.1:4242 to /127.0.0.1:4976" [_thread_blocked, id=7104, stack(0x0000000060d50000,0x0000000060e50000)]
  0x000000005c25c800 JavaThread "Cancel handler" [_thread_blocked, id=9624, stack(0x0000000060650000,0x0000000060750000)]
  0x000000005c265800 JavaThread "Handler for socket connection from /127.0.0.1:4242 to /127.0.0.1:4976" [_thread_in_native, id=2732, stack(0x000000005d830000,0x000000005d930000)]
  0x0000000006831800 JavaThread "jar transforms Thread 450" [_thread_blocked, id=3276, stack(0x000000006f810000,0x000000006f910000)]
  0x0000000006831000 JavaThread "jar transforms Thread 449" [_thread_blocked, id=9884, stack(0x0000000070290000,0x0000000070390000)]
  0x000000005eecd800 JavaThread "jar transforms Thread 448" [_thread_blocked, id=9796, stack(0x0000000069d30000,0x0000000069e30000)]
  0x000000005eecc800 JavaThread "jar transforms Thread 447" [_thread_blocked, id=8156, stack(0x000000006f620000,0x000000006f720000)]
  0x000000005eecc000 JavaThread "jar transforms Thread 446" [_thread_blocked, id=6204, stack(0x000000006a290000,0x000000006a390000)]
  0x000000005eecb000 JavaThread "jar transforms Thread 445" [_thread_blocked, id=9604, stack(0x000000006ccf0000,0x000000006cdf0000)]
  0x000000005eeca800 JavaThread "jar transforms Thread 444" [_thread_blocked, id=9356, stack(0x000000006a120000,0x000000006a220000)]
  0x000000005eec9800 JavaThread "jar transforms Thread 443" [_thread_blocked, id=9644, stack(0x0000000069f90000,0x000000006a090000)]
  0x000000005eec9000 JavaThread "jar transforms Thread 442" [_thread_blocked, id=6080, stack(0x0000000069ae0000,0x0000000069be0000)]
  0x000000005eec8000 JavaThread "jar transforms Thread 441" [_thread_blocked, id=10012, stack(0x0000000069be0000,0x0000000069ce0000)]
  0x000000005eec7800 JavaThread "jar transforms Thread 440" [_thread_blocked, id=7860, stack(0x00000000699c0000,0x0000000069ac0000)]
  0x000000005eec6800 JavaThread "jar transforms Thread 439" [_thread_blocked, id=2652, stack(0x00000000697b0000,0x00000000698b0000)]
  0x0000000006c4b800 JavaThread "jar transforms Thread 438" [_thread_blocked, id=10164, stack(0x0000000069640000,0x0000000069740000)]
  0x0000000006c4a800 JavaThread "jar transforms Thread 437" [_thread_blocked, id=444, stack(0x0000000069400000,0x0000000069500000)]
  0x0000000006c4a000 JavaThread "jar transforms Thread 436" [_thread_blocked, id=9892, stack(0x00000000692f0000,0x00000000693f0000)]
  0x0000000006c49000 JavaThread "jar transforms Thread 435" [_thread_blocked, id=8288, stack(0x0000000069190000,0x0000000069290000)]
  0x0000000006c48800 JavaThread "jar transforms Thread 434" [_thread_blocked, id=9848, stack(0x00000000688f0000,0x00000000689f0000)]
  0x0000000006c47800 JavaThread "jar transforms Thread 433" [_thread_blocked, id=6932, stack(0x0000000069000000,0x0000000069100000)]
  0x0000000006c47000 JavaThread "jar transforms Thread 432" [_thread_blocked, id=7188, stack(0x0000000068e20000,0x0000000068f20000)]
  0x0000000006c46000 JavaThread "jar transforms Thread 431" [_thread_blocked, id=8956, stack(0x00000000673d0000,0x00000000674d0000)]
  0x0000000006c45800 JavaThread "jar transforms Thread 430" [_thread_blocked, id=4180, stack(0x0000000068cc0000,0x0000000068dc0000)]
  0x0000000006c44800 JavaThread "jar transforms Thread 429" [_thread_blocked, id=2340, stack(0x00000000681e0000,0x00000000682e0000)]
  0x000000005f3c3800 JavaThread "jar transforms Thread 428" [_thread_blocked, id=3052, stack(0x0000000067c00000,0x0000000067d00000)]
  0x000000005f3c3000 JavaThread "jar transforms Thread 427" [_thread_blocked, id=5976, stack(0x0000000068ba0000,0x0000000068ca0000)]
  0x000000005f3c2000 JavaThread "jar transforms Thread 426" [_thread_blocked, id=7900, stack(0x0000000068a20000,0x0000000068b20000)]
  0x000000005f3c1800 JavaThread "jar transforms Thread 425" [_thread_blocked, id=10212, stack(0x00000000687f0000,0x00000000688f0000)]
  0x000000005f3c0800 JavaThread "jar transforms Thread 424" [_thread_blocked, id=5000, stack(0x0000000068610000,0x0000000068710000)]
  0x000000005f3c0000 JavaThread "jar transforms Thread 423" [_thread_blocked, id=10216, stack(0x0000000068430000,0x0000000068530000)]
  0x000000005f3bf000 JavaThread "jar transforms Thread 422" [_thread_blocked, id=7428, stack(0x0000000068300000,0x0000000068400000)]
  0x000000005f3be800 JavaThread "jar transforms Thread 421" [_thread_blocked, id=10180, stack(0x00000000680c0000,0x00000000681c0000)]
  0x000000005f3bd800 JavaThread "jar transforms Thread 420" [_thread_blocked, id=1580, stack(0x00000000679e0000,0x0000000067ae0000)]
  0x000000005f3bd000 JavaThread "jar transforms Thread 419" [_thread_blocked, id=9360, stack(0x00000000677a0000,0x00000000678a0000)]
  0x000000005c345000 JavaThread "jar transforms Thread 418" [_thread_blocked, id=10160, stack(0x0000000067ef0000,0x0000000067ff0000)]
  0x000000005c344000 JavaThread "jar transforms Thread 417" [_thread_blocked, id=7048, stack(0x0000000067d00000,0x0000000067e00000)]
  0x000000005c343800 JavaThread "jar transforms Thread 416" [_thread_blocked, id=8028, stack(0x0000000067af0000,0x0000000067bf0000)]
  0x000000005c342800 JavaThread "jar transforms Thread 415" [_thread_blocked, id=6620, stack(0x00000000678b0000,0x00000000679b0000)]
  0x000000005c342000 JavaThread "jar transforms Thread 414" [_thread_blocked, id=8772, stack(0x0000000066a60000,0x0000000066b60000)]
  0x000000005c341000 JavaThread "jar transforms Thread 413" [_thread_blocked, id=9404, stack(0x0000000067130000,0x0000000067230000)]
  0x000000005c340800 JavaThread "jar transforms Thread 412" [_thread_blocked, id=708, stack(0x0000000067680000,0x0000000067780000)]
  0x000000005c33f800 JavaThread "jar transforms Thread 411" [_thread_blocked, id=8952, stack(0x0000000067500000,0x0000000067600000)]
  0x000000005c33f000 JavaThread "jar transforms Thread 410" [_thread_blocked, id=9924, stack(0x00000000672d0000,0x00000000673d0000)]
  0x000000005c33e000 JavaThread "jar transforms Thread 409" [_thread_blocked, id=1208, stack(0x0000000066f10000,0x0000000067010000)]
  0x000000005b55d800 JavaThread "jar transforms Thread 408" [_thread_blocked, id=9272, stack(0x0000000067030000,0x0000000067130000)]
  0x000000005b55c800 JavaThread "jar transforms Thread 407" [_thread_blocked, id=6020, stack(0x0000000066dd0000,0x0000000066ed0000)]
  0x000000005b55c000 JavaThread "jar transforms Thread 406" [_thread_blocked, id=7744, stack(0x0000000066cb0000,0x0000000066db0000)]
  0x000000005b55b000 JavaThread "jar transforms Thread 405" [_thread_blocked, id=10140, stack(0x0000000066b60000,0x0000000066c60000)]
  0x000000005b55a800 JavaThread "jar transforms Thread 404" [_thread_blocked, id=440, stack(0x0000000066850000,0x0000000066950000)]
  0x000000005b559800 JavaThread "jar transforms Thread 403" [_thread_blocked, id=6152, stack(0x0000000066960000,0x0000000066a60000)]
  0x000000005b559000 JavaThread "jar transforms Thread 402" [_thread_blocked, id=1092, stack(0x0000000066110000,0x0000000066210000)]
  0x000000005b558000 JavaThread "jar transforms Thread 401" [_thread_blocked, id=8664, stack(0x0000000066540000,0x0000000066640000)]
  0x000000005b557800 JavaThread "jar transforms Thread 400" [_thread_blocked, id=8232, stack(0x0000000066670000,0x0000000066770000)]
  0x000000005b556800 JavaThread "jar transforms Thread 399" [_thread_blocked, id=2820, stack(0x0000000065e90000,0x0000000065f90000)]
  0x000000006af92800 JavaThread "jar transforms Thread 398" [_thread_blocked, id=9120, stack(0x00000000663d0000,0x00000000664d0000)]
  0x000000006af96000 JavaThread "jar transforms Thread 397" [_thread_blocked, id=8256, stack(0x0000000066210000,0x0000000066310000)]
  0x000000006af94000 JavaThread "jar transforms Thread 396" [_thread_blocked, id=10208, stack(0x0000000065ff0000,0x00000000660f0000)]
  0x000000006af95000 JavaThread "jar transforms Thread 395" [_thread_blocked, id=10228, stack(0x0000000065b50000,0x0000000065c50000)]
  0x000000005af84000 JavaThread "jar transforms Thread 394" [_thread_blocked, id=7260, stack(0x0000000065d90000,0x0000000065e90000)]
  0x000000005af83000 JavaThread "jar transforms Thread 393" [_thread_blocked, id=8800, stack(0x0000000065c70000,0x0000000065d70000)]
  0x000000005af81800 JavaThread "jar transforms Thread 392" [_thread_blocked, id=5732, stack(0x00000000659a0000,0x0000000065aa0000)]
  0x000000005af7f800 JavaThread "jar transforms Thread 391" [_thread_blocked, id=8472, stack(0x00000000657e0000,0x00000000658e0000)]
  0x000000005af82800 JavaThread "jar transforms Thread 390" [_thread_blocked, id=9244, stack(0x00000000655a0000,0x00000000656a0000)]
  0x000000005af7d000 JavaThread "jar transforms Thread 389" [_thread_blocked, id=9048, stack(0x00000000656d0000,0x00000000657d0000)]
  0x000000005af7e000 JavaThread "jar transforms Thread 388" [_thread_blocked, id=8220, stack(0x0000000065240000,0x0000000065340000)]
  0x0000000060034800 JavaThread "jar transforms Thread 387" [_thread_blocked, id=9004, stack(0x0000000065060000,0x0000000065160000)]
  0x0000000060034000 JavaThread "jar transforms Thread 386" [_thread_blocked, id=7872, stack(0x0000000064f20000,0x0000000065020000)]
  0x0000000060037000 JavaThread "jar transforms Thread 385" [_thread_blocked, id=2376, stack(0x0000000064be0000,0x0000000064ce0000)]
  0x0000000060038000 JavaThread "jar transforms Thread 384" [_thread_blocked, id=8656, stack(0x0000000064e20000,0x0000000064f20000)]
  0x0000000060039800 JavaThread "jar transforms Thread 383" [_thread_blocked, id=10188, stack(0x00000000649b0000,0x0000000064ab0000)]
  0x0000000060038800 JavaThread "jar transforms Thread 382" [_thread_blocked, id=3648, stack(0x0000000064d00000,0x0000000064e00000)]
  0x0000000060036000 JavaThread "jar transforms Thread 381" [_thread_blocked, id=9292, stack(0x0000000064ac0000,0x0000000064bc0000)]
  0x000000006003b000 JavaThread "jar transforms Thread 380" [_thread_blocked, id=2160, stack(0x00000000648b0000,0x00000000649b0000)]
  0x000000005c3e6000 JavaThread "jar transforms Thread 379" [_thread_blocked, id=6592, stack(0x00000000646f0000,0x00000000647f0000)]
  0x000000005c3e3000 JavaThread "jar transforms Thread 378" [_thread_blocked, id=9752, stack(0x0000000064430000,0x0000000064530000)]
  0x000000005c3e6800 JavaThread "jar transforms Thread 377" [_thread_blocked, id=9628, stack(0x00000000645a0000,0x00000000646a0000)]
  0x000000005c3e2000 JavaThread "jar transforms Thread 376" [_thread_blocked, id=6392, stack(0x0000000064330000,0x0000000064430000)]
  0x000000005c3e5000 JavaThread "jar transforms Thread 375" [_thread_blocked, id=1680, stack(0x0000000063d00000,0x0000000063e00000)]
  0x000000005c3e4800 JavaThread "jar transforms Thread 374" [_thread_blocked, id=2864, stack(0x00000000641f0000,0x00000000642f0000)]
  0x000000005c3e8000 JavaThread "jar transforms Thread 373" [_thread_blocked, id=9800, stack(0x00000000640d0000,0x00000000641d0000)]
  0x000000005c3e3800 JavaThread "jar transforms Thread 372" [_thread_blocked, id=7696, stack(0x00000000061d0000,0x00000000062d0000)]
  0x000000005f194800 JavaThread "jar transforms Thread 371" [_thread_blocked, id=2940, stack(0x0000000063f70000,0x0000000064070000)]
  0x000000005f199800 JavaThread "jar transforms Thread 370" [_thread_blocked, id=6148, stack(0x0000000063e00000,0x0000000063f00000)]
  0x000000005f199000 JavaThread "jar transforms Thread 369" [_thread_blocked, id=9472, stack(0x0000000063b80000,0x0000000063c80000)]
  0x000000005f196000 JavaThread "jar transforms Thread 368" [_thread_blocked, id=9992, stack(0x0000000063a20000,0x0000000063b20000)]
  0x000000005f19a800 JavaThread "jar transforms Thread 367" [_thread_blocked, id=9948, stack(0x00000000638f0000,0x00000000639f0000)]
  0x000000005f198000 JavaThread "jar transforms Thread 366" [_thread_blocked, id=9440, stack(0x00000000637e0000,0x00000000638e0000)]
  0x000000005f197800 JavaThread "jar transforms Thread 365" [_thread_blocked, id=9164, stack(0x000000005d1d0000,0x000000005d2d0000)]
  0x000000005f19b000 JavaThread "jar transforms Thread 364" [_thread_blocked, id=6920, stack(0x0000000062f70000,0x0000000063070000)]
  0x000000005f195000 JavaThread "jar transforms Thread 363" [_thread_blocked, id=9464, stack(0x00000000632c0000,0x00000000633c0000)]
  0x000000006bbb4000 JavaThread "jar transforms Thread 362" [_thread_blocked, id=7404, stack(0x00000000633d0000,0x00000000634d0000)]
  0x000000006bbb3000 JavaThread "jar transforms Thread 361" [_thread_blocked, id=8364, stack(0x0000000063650000,0x0000000063750000)]
  0x000000006bbb2800 JavaThread "jar transforms Thread 360" [_thread_blocked, id=6280, stack(0x0000000063500000,0x0000000063600000)]
  0x000000006bbb1800 JavaThread "jar transforms Thread 359" [_thread_blocked, id=1372, stack(0x0000000062d30000,0x0000000062e30000)]
  0x000000006bbae800 JavaThread "jar transforms Thread 358" [_thread_blocked, id=6332, stack(0x00000000631a0000,0x00000000632a0000)]
  0x000000006bbb0000 JavaThread "jar transforms Thread 357" [_thread_blocked, id=4000, stack(0x0000000063080000,0x0000000063180000)]
  0x000000006bbaf800 JavaThread "jar transforms Thread 356" [_thread_blocked, id=4664, stack(0x00000000626f0000,0x00000000627f0000)]
  0x000000006bbae000 JavaThread "Cache worker for Java compile cache (C:\Users\ZHB\.gradle\caches\6.5\javaCompile)" [_thread_blocked, id=9160, stack(0x0000000073070000,0x0000000073170000)]
  0x000000005af7e800 JavaThread "jar transforms Thread 355" [_thread_blocked, id=464, stack(0x0000000069e70000,0x0000000069f70000)]
  0x000000005c260000 JavaThread "Daemon worker Thread 3" [_thread_blocked, id=6436, stack(0x0000000005d10000,0x0000000005e10000)]
  0x000000005c269000 JavaThread "Daemon Thread 3" [_thread_blocked, id=912, stack(0x000000005cf40000,0x000000005d040000)]
  0x000000005c3e7800 JavaThread "Memory manager" [_thread_blocked, id=9264, stack(0x000000006cbc0000,0x000000006ccc0000)]
  0x000000005c261000 JavaThread "Cache worker for file content cache (C:\Users\ZHB\.gradle\caches\6.5\fileContent)" [_thread_blocked, id=8724, stack(0x00000000618c0000,0x00000000619c0000)]
  0x000000005c25f800 JavaThread "Cache worker for execution history cache (C:\Users\ZHB\.gradle\caches\6.5\executionHistory)" [_thread_blocked, id=7300, stack(0x0000000060ff0000,0x00000000610f0000)]
  0x000000005c25b800 JavaThread "Cache worker for file hash cache (C:\Users\ZHB\.gradle\caches\6.5\fileHashes)" [_thread_blocked, id=8136, stack(0x000000005e120000,0x000000005e220000)]
  0x000000005c25b000 JavaThread "File lock request listener" [_thread_in_native, id=9836, stack(0x000000005e340000,0x000000005e440000)]
  0x000000005c1d4800 JavaThread "Cache worker for journal cache (C:\Users\ZHB\.gradle\caches\journal-1)" [_thread_blocked, id=8776, stack(0x000000005e220000,0x000000005e320000)]
  0x000000005bf43000 JavaThread "Daemon periodic checks" [_thread_blocked, id=9076, stack(0x000000005d2d0000,0x000000005d3d0000)]
  0x000000005bf41800 JavaThread "Incoming local TCP Connector on port 4242" [_thread_in_native, id=6268, stack(0x000000005d0c0000,0x000000005d1c0000)]
  0x000000005be84800 JavaThread "Daemon health stats" [_thread_blocked, id=9296, stack(0x0000000006fd0000,0x00000000070d0000)]
  0x000000000598a000 JavaThread "Service Thread" daemon [_thread_blocked, id=428, stack(0x0000000006560000,0x0000000006660000)]
  0x0000000005917800 JavaThread "C1 CompilerThread2" daemon [_thread_blocked, id=7540, stack(0x00000000062e0000,0x00000000063e0000)]
  0x0000000005914800 JavaThread "C2 CompilerThread1" daemon [_thread_in_native, id=10088, stack(0x0000000005f80000,0x0000000006080000)]
  0x00000000058fa800 JavaThread "C2 CompilerThread0" daemon [_thread_in_native, id=8896, stack(0x00000000060d0000,0x00000000061d0000)]
  0x00000000043fe000 JavaThread "Attach Listener" daemon [_thread_blocked, id=8284, stack(0x0000000005e20000,0x0000000005f20000)]
  0x00000000043fd000 JavaThread "Signal Dispatcher" daemon [_thread_blocked, id=5596, stack(0x0000000005690000,0x0000000005790000)]
  0x00000000043d9000 JavaThread "Finalizer" daemon [_thread_blocked, id=7880, stack(0x00000000057f0000,0x00000000058f0000)]
  0x00000000043d2000 JavaThread "Reference Handler" daemon [_thread_blocked, id=9500, stack(0x0000000005550000,0x0000000005650000)]
  0x0000000002108000 JavaThread "main" [_thread_blocked, id=6508, stack(0x00000000021d0000,0x00000000022d0000)]

Other Threads:
  0x000000000438a800 VMThread [stack: 0x0000000005380000,0x0000000005480000] [id=1660]
  0x000000000598c000 WatcherThread [stack: 0x00000000066a0000,0x00000000067a0000] [id=1160]

VM state:not at safepoint (normal execution)

VM Mutex/Monitor currently owned by a thread: None

heap address: 0x0000000080000000, size: 2048 MB, Compressed Oops mode: 32-bit
Narrow klass base: 0x0000000000000000, Narrow klass shift: 0
Compressed class space size: 1073741824 Address: 0x000000001adf0000

Heap:
 PSYoungGen      total 300032K, used 65242K [0x00000000d5580000, 0x00000000eba80000, 0x0000000100000000)
  eden space 264704K, 11% used [0x00000000d5580000,0x00000000d72b8dc8,0x00000000e5800000)
  from space 35328K, 99% used [0x00000000e8200000,0x00000000ea47dc90,0x00000000ea480000)
  to   space 43008K, 0% used [0x00000000e5800000,0x00000000e5800000,0x00000000e8200000)
 ParOldGen       total 129024K, used 80318K [0x0000000080000000, 0x0000000087e00000, 0x00000000d5580000)
  object space 129024K, 62% used [0x0000000080000000,0x0000000084e6fb18,0x0000000087e00000)
 Metaspace       used 134740K, capacity 142280K, committed 142424K, reserved 1173504K
  class space    used 17767K, capacity 19295K, committed 19328K, reserved 1048576K

Card table byte_map: [0x00000000027d0000,0x0000000002be0000] byte_map_base: 0x00000000023d0000

Marking Bits: (ParMarkBitMap*) 0x0000000007d6f030
 Begin Bits: [0x0000000016df0000, 0x0000000018df0000)
 End Bits:   [0x0000000018df0000, 0x000000001adf0000)

Polling page: 0x0000000000220000

CodeCache: size=245760Kb used=52094Kb max_used=52094Kb free=193665Kb
 bounds [0x0000000007df0000, 0x000000000b110000, 0x0000000016df0000]
 total_blobs=16827 nmethods=15882 adapters=856
 compilation: enabled

Compilation events (10 events):
Event: 990.492 Thread 0x0000000005917800 19339       1       com.android.tools.r8.t.a.a.a.h.f0$d::getValue (13 bytes)
Event: 990.493 Thread 0x0000000005917800 nmethod 19339 0x000000000b10c350 code [0x000000000b10c4a0, 0x000000000b10c5d0]
Event: 990.518 Thread 0x0000000005917800 19340       1       com.android.tools.r8.graph.J$a::hashCode (10 bytes)
Event: 990.519 Thread 0x0000000005917800 nmethod 19340 0x000000000b10c6d0 code [0x000000000b10c820, 0x000000000b10c930]
Event: 990.524 Thread 0x0000000005917800 19341       3       com.android.tools.r8.dex.n$$Lambda$1829/1236997829::get (8 bytes)
Event: 990.524 Thread 0x0000000005917800 nmethod 19341 0x000000000b10c990 code [0x000000000b10cb20, 0x000000000b10cea8]
Event: 990.524 Thread 0x0000000005917800 19342       3       com.android.tools.r8.dex.n::g (12 bytes)
Event: 990.525 Thread 0x0000000005917800 nmethod 19342 0x000000000b10d090 code [0x000000000b10d220, 0x000000000b10d548]
Event: 990.534 Thread 0x0000000005917800 19344       1       com.android.tools.r8.graph.J$e::hashCode (11 bytes)
Event: 990.534 Thread 0x0000000005917800 nmethod 19344 0x000000000b10d6d0 code [0x000000000b10d820, 0x000000000b10d930]

GC Heap History (10 events):
Event: 895.781 GC heap before
{Heap before GC invocations=26 (full 4):
 PSYoungGen      total 194048K, used 168448K [0x00000000d5580000, 0x00000000e5280000, 0x0000000100000000)
  eden space 168448K, 100% used [0x00000000d5580000,0x00000000dfa00000,0x00000000dfa00000)
  from space 25600K, 0% used [0x00000000dfa00000,0x00000000dfa00000,0x00000000e1300000)
  to   space 25600K, 0% used [0x00000000e3980000,0x00000000e3980000,0x00000000e5280000)
 ParOldGen       total 129024K, used 52644K [0x0000000080000000, 0x0000000087e00000, 0x00000000d5580000)
  object space 129024K, 40% used [0x0000000080000000,0x0000000083369268,0x0000000087e00000)
 Metaspace       used 104340K, capacity 109428K, committed 109656K, reserved 1144832K
  class space    used 13927K, capacity 14962K, committed 14976K, reserved 1048576K
Event: 895.838 GC heap after
Heap after GC invocations=26 (full 4):
 PSYoungGen      total 230912K, used 21417K [0x00000000d5580000, 0x00000000e5700000, 0x0000000100000000)
  eden space 205312K, 0% used [0x00000000d5580000,0x00000000d5580000,0x00000000e1e00000)
  from space 25600K, 83% used [0x00000000e3980000,0x00000000e4e6a498,0x00000000e5280000)
  to   space 28160K, 0% used [0x00000000e1e00000,0x00000000e1e00000,0x00000000e3980000)
 ParOldGen       total 129024K, used 52652K [0x0000000080000000, 0x0000000087e00000, 0x00000000d5580000)
  object space 129024K, 40% used [0x0000000080000000,0x000000008336b268,0x0000000087e00000)
 Metaspace       used 104340K, capacity 109428K, committed 109656K, reserved 1144832K
  class space    used 13927K, capacity 14962K, committed 14976K, reserved 1048576K
}
Event: 901.184 GC heap before
{Heap before GC invocations=27 (full 4):
 PSYoungGen      total 230912K, used 226729K [0x00000000d5580000, 0x00000000e5700000, 0x0000000100000000)
  eden space 205312K, 100% used [0x00000000d5580000,0x00000000e1e00000,0x00000000e1e00000)
  from space 25600K, 83% used [0x00000000e3980000,0x00000000e4e6a498,0x00000000e5280000)
  to   space 28160K, 0% used [0x00000000e1e00000,0x00000000e1e00000,0x00000000e3980000)
 ParOldGen       total 129024K, used 52652K [0x0000000080000000, 0x0000000087e00000, 0x00000000d5580000)
  object space 129024K, 40% used [0x0000000080000000,0x000000008336b268,0x0000000087e00000)
 Metaspace       used 110095K, capacity 115548K, committed 115672K, reserved 1148928K
  class space    used 14697K, capacity 15824K, committed 15872K, reserved 1048576K
Event: 901.268 GC heap after
Heap after GC invocations=27 (full 4):
 PSYoungGen      total 233472K, used 28152K [0x00000000d5580000, 0x00000000e8780000, 0x0000000100000000)
  eden space 205312K, 0% used [0x00000000d5580000,0x00000000d5580000,0x00000000e1e00000)
  from space 28160K, 99% used [0x00000000e1e00000,0x00000000e397e310,0x00000000e3980000)
  to   space 32768K, 0% used [0x00000000e6780000,0x00000000e6780000,0x00000000e8780000)
 ParOldGen       total 129024K, used 52880K [0x0000000080000000, 0x0000000087e00000, 0x00000000d5580000)
  object space 129024K, 40% used [0x0000000080000000,0x00000000833a4308,0x0000000087e00000)
 Metaspace       used 110095K, capacity 115548K, committed 115672K, reserved 1148928K
  class space    used 14697K, capacity 15824K, committed 15872K, reserved 1048576K
}
Event: 949.670 GC heap before
{Heap before GC invocations=28 (full 4):
 PSYoungGen      total 233472K, used 233464K [0x00000000d5580000, 0x00000000e8780000, 0x0000000100000000)
  eden space 205312K, 100% used [0x00000000d5580000,0x00000000e1e00000,0x00000000e1e00000)
  from space 28160K, 99% used [0x00000000e1e00000,0x00000000e397e310,0x00000000e3980000)
  to   space 32768K, 0% used [0x00000000e6780000,0x00000000e6780000,0x00000000e8780000)
 ParOldGen       total 129024K, used 52880K [0x0000000080000000, 0x0000000087e00000, 0x00000000d5580000)
  object space 129024K, 40% used [0x0000000080000000,0x00000000833a4308,0x0000000087e00000)
 Metaspace       used 120720K, capacity 126448K, committed 126552K, reserved 1159168K
  class space    used 15808K, capacity 16973K, committed 17024K, reserved 1048576K
Event: 949.814 GC heap after
Heap after GC invocations=28 (full 4):
 PSYoungGen      total 266240K, used 12242K [0x00000000d5580000, 0x00000000e7f00000, 0x0000000100000000)
  eden space 242176K, 0% used [0x00000000d5580000,0x00000000d5580000,0x00000000e4200000)
  from space 24064K, 50% used [0x00000000e6780000,0x00000000e7374998,0x00000000e7f00000)
  to   space 31232K, 0% used [0x00000000e4200000,0x00000000e4200000,0x00000000e6080000)
 ParOldGen       total 129024K, used 74818K [0x0000000080000000, 0x0000000087e00000, 0x00000000d5580000)
  object space 129024K, 57% used [0x0000000080000000,0x0000000084910910,0x0000000087e00000)
 Metaspace       used 120720K, capacity 126448K, committed 126552K, reserved 1159168K
  class space    used 15808K, capacity 16973K, committed 17024K, reserved 1048576K
}
Event: 978.964 GC heap before
{Heap before GC invocations=29 (full 4):
 PSYoungGen      total 266240K, used 254418K [0x00000000d5580000, 0x00000000e7f00000, 0x0000000100000000)
  eden space 242176K, 100% used [0x00000000d5580000,0x00000000e4200000,0x00000000e4200000)
  from space 24064K, 50% used [0x00000000e6780000,0x00000000e7374998,0x00000000e7f00000)
  to   space 31232K, 0% used [0x00000000e4200000,0x00000000e4200000,0x00000000e6080000)
 ParOldGen       total 129024K, used 74818K [0x0000000080000000, 0x0000000087e00000, 0x00000000d5580000)
  object space 129024K, 57% used [0x0000000080000000,0x0000000084910910,0x0000000087e00000)
 Metaspace       used 123564K, capacity 129520K, committed 129752K, reserved 1161216K
  class space    used 16080K, capacity 17297K, committed 17408K, reserved 1048576K
Event: 979.652 GC heap after
Heap after GC invocations=29 (full 4):
 PSYoungGen      total 273408K, used 30067K [0x00000000d5580000, 0x00000000ea480000, 0x0000000100000000)
  eden space 242176K, 0% used [0x00000000d5580000,0x00000000d5580000,0x00000000e4200000)
  from space 31232K, 96% used [0x00000000e4200000,0x00000000e5f5cea8,0x00000000e6080000)
  to   space 35328K, 0% used [0x00000000e8200000,0x00000000e8200000,0x00000000ea480000)
 ParOldGen       total 129024K, used 74826K [0x0000000080000000, 0x0000000087e00000, 0x00000000d5580000)
  object space 129024K, 57% used [0x0000000080000000,0x0000000084912910,0x0000000087e00000)
 Metaspace       used 123564K, capacity 129520K, committed 129752K, reserved 1161216K
  class space    used 16080K, capacity 17297K, committed 17408K, reserved 1048576K
}
Event: 987.655 GC heap before
{Heap before GC invocations=30 (full 4):
 PSYoungGen      total 273408K, used 272243K [0x00000000d5580000, 0x00000000ea480000, 0x0000000100000000)
  eden space 242176K, 100% used [0x00000000d5580000,0x00000000e4200000,0x00000000e4200000)
  from space 31232K, 96% used [0x00000000e4200000,0x00000000e5f5cea8,0x00000000e6080000)
  to   space 35328K, 0% used [0x00000000e8200000,0x00000000e8200000,0x00000000ea480000)
 ParOldGen       total 129024K, used 74826K [0x0000000080000000, 0x0000000087e00000, 0x00000000d5580000)
  object space 129024K, 57% used [0x0000000080000000,0x0000000084912910,0x0000000087e00000)
 Metaspace       used 133972K, capacity 141434K, committed 141528K, reserved 1171456K
  class space    used 17616K, capacity 19140K, committed 19200K, reserved 1048576K
Event: 988.835 GC heap after
Heap after GC invocations=30 (full 4):
 PSYoungGen      total 300032K, used 35319K [0x00000000d5580000, 0x00000000eba80000, 0x0000000100000000)
  eden space 264704K, 0% used [0x00000000d5580000,0x00000000d5580000,0x00000000e5800000)
  from space 35328K, 99% used [0x00000000e8200000,0x00000000ea47dc90,0x00000000ea480000)
  to   space 43008K, 0% used [0x00000000e5800000,0x00000000e5800000,0x00000000e8200000)
 ParOldGen       total 129024K, used 80318K [0x0000000080000000, 0x0000000087e00000, 0x00000000d5580000)
  object space 129024K, 62% used [0x0000000080000000,0x0000000084e6fb18,0x0000000087e00000)
 Metaspace       used 133972K, capacity 141434K, committed 141528K, reserved 1171456K
  class space    used 17616K, capacity 19140K, committed 19200K, reserved 1048576K
}

Deoptimization events (10 events):
Event: 986.579 Thread 0x0000000006834000 Uncommon trap: reason=unstable_if action=reinterpret pc=0x0000000009c13558 method=com.google.common.cache.LocalCache$Segment.expireEntries(J)V @ 84
Event: 987.186 Thread 0x000000006bbb1000 Uncommon trap: reason=unstable_if action=reinterpret pc=0x000000000a417290 method=java.nio.Bits.copyToArray(JLjava/lang/Object;JJJ)V @ 19
Event: 987.269 Thread 0x000000006bbb1000 Uncommon trap: reason=unstable_if action=reinterpret pc=0x000000000af3b134 method=com.android.tools.r8.graph.i0.a([C)I @ 29
Event: 989.110 Thread 0x000000006bbb1000 Uncommon trap: reason=unstable_if action=reinterpret pc=0x000000000abd3b98 method=com.android.tools.r8.utils.Y.d(I)Z @ 45
Event: 989.140 Thread 0x000000006bbb1000 Uncommon trap: reason=unstable_if action=reinterpret pc=0x0000000009aa7378 method=com.android.tools.r8.dex.n.g(I)Lcom/android/tools/r8/dex/p; @ 12
Event: 989.141 Thread 0x000000006bbb1000 Uncommon trap: reason=unstable_if action=reinterpret pc=0x0000000009212b88 method=com.android.tools.r8.dex.n.m()V @ 22
Event: 990.189 Thread 0x000000006e2d4800 Uncommon trap: reason=unstable_if action=reinterpret pc=0x000000000874b8f0 method=java.util.Arrays.hashCode([Ljava/lang/Object;)I @ 1
Event: 990.189 Thread 0x000000006e2d6000 Uncommon trap: reason=unstable_if action=reinterpret pc=0x000000000874b8f0 method=java.util.Arrays.hashCode([Ljava/lang/Object;)I @ 1
Event: 990.189 Thread 0x000000006e2d0000 Uncommon trap: reason=unstable_if action=reinterpret pc=0x000000000874b8f0 method=java.util.Arrays.hashCode([Ljava/lang/Object;)I @ 1
Event: 990.189 Thread 0x000000006e2d5000 Uncommon trap: reason=unstable_if action=reinterpret pc=0x000000000874b8f0 method=java.util.Arrays.hashCode([Ljava/lang/Object;)I @ 1

Classes redefined (0 events):
No events

Internal exceptions (10 events):
Event: 984.956 Thread 0x000000006bbb1000 Exception <a 'sun/nio/fs/WindowsException'> (0x00000000deac7240) thrown at [C:\src\AOSP-openjdk-git\hotspot\src\share\vm\prims\jni.cpp, line 710]
Event: 984.956 Thread 0x000000006bbb1000 Exception <a 'sun/nio/fs/WindowsException'> (0x00000000deac8038) thrown at [C:\src\AOSP-openjdk-git\hotspot\src\share\vm\prims\jni.cpp, line 710]
Event: 984.966 Thread 0x000000006bbb1000 Exception <a 'sun/nio/fs/WindowsException'> (0x00000000debf4398) thrown at [C:\src\AOSP-openjdk-git\hotspot\src\share\vm\prims\jni.cpp, line 710]
Event: 984.977 Thread 0x000000006bbb1000 Exception <a 'sun/nio/fs/WindowsException'> (0x00000000dec8ccb0) thrown at [C:\src\AOSP-openjdk-git\hotspot\src\share\vm\prims\jni.cpp, line 710]
Event: 986.992 Thread 0x0000000006834000 Exception <a 'java/lang/NoSuchMethodError': <clinit>> (0x00000000e1f5aee8) thrown at [C:\src\AOSP-openjdk-git\hotspot\src\share\vm\prims\jni.cpp, line 1615]
Event: 987.216 Thread 0x000000006bbb1000 Exception <a 'sun/nio/fs/WindowsException'> (0x00000000e2491388) thrown at [C:\src\AOSP-openjdk-git\hotspot\src\share\vm\prims\jni.cpp, line 710]
Event: 990.189 Thread 0x000000006e2d4800 Implicit null exception at 0x000000000874b7ef to 0x000000000874b8e1
Event: 990.189 Thread 0x000000006e2d6000 Implicit null exception at 0x000000000874b7ef to 0x000000000874b8e1
Event: 990.189 Thread 0x000000006e2d0000 Implicit null exception at 0x000000000874b7ef to 0x000000000874b8e1
Event: 990.189 Thread 0x000000006e2d5000 Implicit null exception at 0x000000000874b7ef to 0x000000000874b8e1

Events (10 events):
Event: 990.213 Executing VM operation: RevokeBias done
Event: 990.213 Executing VM operation: RevokeBias
Event: 990.213 Executing VM operation: RevokeBias done
Event: 990.233 loading class com/android/tools/r8/graph/J$e
Event: 990.233 loading class com/android/tools/r8/graph/J$e done
Event: 990.235 loading class com/android/tools/r8/graph/J$e
Event: 990.235 loading class com/android/tools/r8/graph/J$e done
Event: 990.251 Thread 0x0000000005917800 flushing nmethod 0x00000000093ac490
Event: 990.321 Thread 0x0000000005914800 flushing nmethod 0x000000000a5d0150
Event: 990.321 Thread 0x0000000005914800 flushing nmethod 0x000000000a607b50


Dynamic libraries:
0x000000013fa60000 - 0x000000013fa91000 	C:\Program Files\Android\Android Studio\jre\bin\java.exe
0x0000000076d90000 - 0x0000000076f2f000 	C:\Windows\SYSTEM32\ntdll.dll
0x0000000076b70000 - 0x0000000076c8f000 	C:\Windows\system32\kernel32.dll
0x000007fefc720000 - 0x000007fefc787000 	C:\Windows\system32\KERNELBASE.dll
0x000007fefe330000 - 0x000007fefe40b000 	C:\Windows\system32\ADVAPI32.dll
0x000007fefe5f0000 - 0x000007fefe68f000 	C:\Windows\system32\msvcrt.dll
0x000007fefcc80000 - 0x000007fefcc9f000 	C:\Windows\SYSTEM32\sechost.dll
0x000007fefee50000 - 0x000007fefef7c000 	C:\Windows\system32\RPCRT4.dll
0x0000000076c90000 - 0x0000000076d8b000 	C:\Windows\system32\USER32.dll
0x000007fefefe0000 - 0x000007feff047000 	C:\Windows\system32\GDI32.dll
0x000007feff070000 - 0x000007feff07e000 	C:\Windows\system32\LPK.dll
0x000007fefcb10000 - 0x000007fefcbdb000 	C:\Windows\system32\USP10.dll
0x000007fefaac0000 - 0x000007fefacb5000 	C:\Windows\WinSxS\amd64_microsoft.windows.common-controls_6595b64144ccf1df_6.0.7601.24483_none_e372d88f30fbb845\COMCTL32.dll
0x000007fefe410000 - 0x000007fefe481000 	C:\Windows\system32\SHLWAPI.dll
0x000007fefec20000 - 0x000007fefec4e000 	C:\Windows\system32\IMM32.DLL
0x000007fefe690000 - 0x000007fefe79b000 	C:\Windows\system32\MSCTF.dll
0x000007fefc5f0000 - 0x000007fefc620000 	C:\Windows\system32\nvinitx.dll
0x000007fefc5e0000 - 0x000007fefc5ec000 	C:\Windows\system32\VERSION.dll
0x000000006ce10000 - 0x000000006ce16000 	C:\Program Files\NVIDIA Corporation\CoProcManager\detoured.dll
0x000007fef4840000 - 0x000007fef4878000 	C:\Program Files\NVIDIA Corporation\CoProcManager\nvd3d9wrapx.dll
0x000007fefce30000 - 0x000007fefd007000 	C:\Windows\system32\SETUPAPI.dll
0x000007fefc6e0000 - 0x000007fefc716000 	C:\Windows\system32\CFGMGR32.dll
0x000007fefe490000 - 0x000007fefe56b000 	C:\Windows\system32\OLEAUT32.dll
0x000007fefec50000 - 0x000007fefee4f000 	C:\Windows\system32\ole32.dll
0x000007fefc7e0000 - 0x000007fefc7fa000 	C:\Windows\system32\DEVOBJ.dll
0x000007fef4810000 - 0x000007fef4834000 	C:\Program Files\NVIDIA Corporation\CoProcManager\nvdxgiwrapx.dll
0x000000006c870000 - 0x000000006c942000 	C:\Program Files\Android\Android Studio\jre\jre\bin\msvcr100.dll
0x00000000075a0000 - 0x0000000007deb000 	C:\Program Files\Android\Android Studio\jre\jre\bin\server\jvm.dll
0x000007feedda0000 - 0x000007feedda9000 	C:\Windows\system32\WSOCK32.dll
0x000007fefd010000 - 0x000007fefd05d000 	C:\Windows\system32\WS2_32.dll
0x000007fefeb10000 - 0x000007fefeb18000 	C:\Windows\system32\NSI.dll
0x000007fefcaa0000 - 0x000007fefcadb000 	C:\Windows\system32\WINMM.dll
0x0000000076f40000 - 0x0000000076f47000 	C:\Windows\system32\PSAPI.DLL
0x000007feef890000 - 0x000007feef89f000 	C:\Program Files\Android\Android Studio\jre\jre\bin\verify.dll
0x000007feedcb0000 - 0x000007feedcd9000 	C:\Program Files\Android\Android Studio\jre\jre\bin\java.dll
0x000007feedcf0000 - 0x000007feedd06000 	C:\Program Files\Android\Android Studio\jre\jre\bin\zip.dll
0x000007fefd060000 - 0x000007fefddeb000 	C:\Windows\system32\SHELL32.dll
0x000007fefc6c0000 - 0x000007fefc6cf000 	C:\Windows\system32\profapi.dll
0x000007feedc90000 - 0x000007feedcaa000 	C:\Program Files\Android\Android Studio\jre\jre\bin\net.dll
0x000007fefbd50000 - 0x000007fefbda5000 	C:\Windows\system32\mswsock.dll
0x000007fefbd40000 - 0x000007fefbd47000 	C:\Windows\System32\wship6.dll
0x000007feedc70000 - 0x000007feedc83000 	C:\Program Files\Android\Android Studio\jre\jre\bin\nio.dll
0x000007fee4930000 - 0x000007fee4957000 	C:\Users\ZHB\.gradle\native\f6784746aeab05261644944871eae4fe03e0ef1612fff0a4a95f87b438bc6780\windows-amd64\native-platform.dll
0x000007fef8360000 - 0x000007fef8363000 	C:\Windows\system32\api-ms-win-core-synch-l1-2-0.DLL
0x000007feeddb0000 - 0x000007feeddbd000 	C:\Program Files\Android\Android Studio\jre\jre\bin\management.dll
0x000007fefbdb0000 - 0x000007fefbdc8000 	C:\Windows\system32\CRYPTSP.dll
0x000007fefbab0000 - 0x000007fefbaf7000 	C:\Windows\system32\rsaenh.dll
0x000007fefcaf0000 - 0x000007fefcb0f000 	C:\Windows\system32\USERENV.dll
0x000007fefc4d0000 - 0x000007fefc4df000 	C:\Windows\system32\CRYPTBASE.dll
0x000007fef9bd0000 - 0x000007fef9bf7000 	C:\Windows\system32\IPHLPAPI.DLL
0x000007fef9bc0000 - 0x000007fef9bcb000 	C:\Windows\system32\WINNSI.DLL
0x000007fef96b0000 - 0x000007fef96c1000 	C:\Windows\system32\dhcpcsvc6.DLL
0x000007fef9690000 - 0x000007fef96a8000 	C:\Windows\system32\dhcpcsvc.DLL
0x000007feedbd0000 - 0x000007feedbf4000 	C:\Program Files\Android\Android Studio\jre\jre\bin\sunec.dll
0x000007fef9fb0000 - 0x000007fef9fbb000 	C:\Program Files\Android\Android Studio\jre\jre\bin\sunmscapi.dll
0x000007fefc860000 - 0x000007fefc9cd000 	C:\Windows\system32\CRYPT32.dll
0x000007fefc6b0000 - 0x000007fefc6bf000 	C:\Windows\system32\MSASN1.dll
0x000007fefb7c0000 - 0x000007fefb7c7000 	C:\Windows\System32\wshtcpip.dll
0x000007fefbbd0000 - 0x000007fefbc2b000 	C:\Windows\system32\DNSAPI.dll
0x000007fef5fc0000 - 0x000007fef5fc8000 	C:\Windows\system32\rasadhlp.dll
0x000007fef9750000 - 0x000007fef97a3000 	C:\Windows\System32\fwpuclnt.dll
0x000007fefc790000 - 0x000007fefc7cb000 	C:\Windows\system32\WINTRUST.dll
0x000007feff050000 - 0x000007feff069000 	C:\Windows\system32\imagehlp.dll
0x000007fefc470000 - 0x000007fefc4c7000 	C:\Windows\system32\apphelp.dll
0x000007fef8540000 - 0x000007fef8665000 	C:\Windows\system32\dbghelp.dll

VM Arguments:
jvm_args: -Xmx2048m -Dfile.encoding=UTF-8 -Duser.country=CN -Duser.language=zh -Duser.variant 
java_command: org.gradle.launcher.daemon.bootstrap.GradleDaemon 6.5
java_class_path (initial): C:\Users\ZHB\.gradle\wrapper\dists\gradle-6.5-bin\6nifqtx7604sqp1q6g8wikw7p\gradle-6.5\lib\gradle-launcher-6.5.jar
Launcher Type: SUN_STANDARD

Environment Variables:
JAVA_HOME=C:\Java\jdk1.8.0_201
CLASSPATH=.;C:\Java\jdk1.8.0_201\lib\dt.jar;C:\Java\jdk1.8.0_201\lib\tools.jar;
PATH=C:\Program Files\Python38\Scripts\;C:\Program Files\Python38\;C:\Program Files (x86)\NetSarang\Xftp 6\;C:\Program Files (x86)\NetSarang\Xshell 6\;C:\Program Files (x86)\Common Files\Oracle\Java\javapath;C:\Windows\system32;C:\Windows;C:\Windows\System32\Wbem;C:\Windows\System32\WindowsPowerShell\v1.0\;C:\Program Files (x86)\Intel\OpenCL SDK\2.0\bin\x86;C:\Program Files (x86)\Intel\OpenCL SDK\2.0\bin\x64;C:\Program Files (x86)\Intel\OpenCL SDK\2.0\bin\x86;C:\Program Files (x86)\Intel\OpenCL SDK\2.0\bin\x64;C:\Program Files (x86)\NVIDIA Corporation\PhysX\Common;C:\Program Files\NVIDIA Corporation\NVIDIA NvDLISR;C:\Program Files (x86)\Windows Kits\8.1\Windows Performance Toolkit\;C:\Program Files\Microsoft SQL Server\110\Tools\Binn\;C:\Java\jdk1.8.0_201\bin;C:\Program Files\nodejs\;C:\Users\ZHB\Desktop\mysql-5.5.62-winx64\bin;C:\Program Files (x86)\Microsoft SQL Server\100\Tools\Binn\;C:\Program Files\Microsoft SQL Server\100\Tools\Binn\;C:\Program Files\Microsoft SQL Server\100\DTS\Binn\;C:\Program Files\Git\cmd;C:\Program Files\dotnet\;C:\Program Files\;C:\Users\ZHB\AppData\Local\GitHubDesktop\bin;C:\Users\ZHB\AppData\Local\Programs\Microsoft VS Code\bin;C:\Users\ZHB\.dotnet\tools;F:\MinGW\bin;F:\应用包\curl-7.78.0-win64-mingw\curl-7.78.0-win64-mingw\bin
USERNAME=ZHB
OS=Windows_NT
PROCESSOR_IDENTIFIER=Intel64 Family 6 Model 42 Stepping 7, GenuineIntel



---------------  S Y S T E M  ---------------

OS: Windows 7 , 64 bit Build 7601 (6.1.7601.24545)

CPU:total 4 (initial active 4) (2 cores per cpu, 2 threads per core) family 6 model 42 stepping 7, cmov, cx8, fxsr, mmx, sse, sse2, sse3, ssse3, sse4.1, sse4.2, popcnt, avx, clmul, ht, tsc, tscinvbit

Memory: 4k page, physical 4104056k(73132k free), swap 12232268k(2274668k free)

vm_info: OpenJDK 64-Bit Server VM (25.242-b01) for windows-amd64 JRE (1.8.0_242-release-1644-b01), built by "builder" with MS VC++ 10.0 (VS2010)

time: Tue Nov 23 18:56:49 2021
timezone: 中国标准时间
elapsed time: 990 seconds (0d 0h 16m 30s)

